0 info it worked if it ends with ok
1 verbose cli [ 'C:\\Program Files (x86)\\nodejs\\\\node.exe',
1 verbose cli   'C:\\Program Files (x86)\\nodejs\\node_modules\\npm\\bin\\npm-cli.js',
1 verbose cli   'publish' ]
2 info using npm@2.7.4
3 info using node@v0.12.2
4 verbose node symlink C:\Program Files (x86)\nodejs\\node.exe
5 verbose publish [ '.' ]
6 silly cache add args [ '.', null ]
7 verbose cache add spec .
8 silly cache add parsed spec { raw: '.',
8 silly cache add   scope: null,
8 silly cache add   name: null,
8 silly cache add   rawSpec: '.',
8 silly cache add   spec: 'D:\\DEV\\github\\rbak',
8 silly cache add   type: 'directory' }
9 verbose addLocalDirectory C:\Users\lewis\AppData\Roaming\npm-cache\rbak\0.2.1\package.tgz not in flight; packing
10 verbose tar pack [ 'C:\\Users\\lewis\\AppData\\Roaming\\npm-cache\\rbak\\0.2.1\\package.tgz',
10 verbose tar pack   'D:\\DEV\\github\\rbak' ]
11 verbose tarball C:\Users\lewis\AppData\Roaming\npm-cache\rbak\0.2.1\package.tgz
12 verbose folder D:\DEV\github\rbak
13 info prepublish rbak@0.2.1
14 verbose addLocalTarball adding from inside cache C:\Users\lewis\AppData\Roaming\npm-cache\rbak\0.2.1\package.tgz
15 silly cache afterAdd rbak@0.2.1
16 verbose afterAdd C:\Users\lewis\AppData\Roaming\npm-cache\rbak\0.2.1\package\package.json not in flight; writing
17 verbose afterAdd C:\Users\lewis\AppData\Roaming\npm-cache\rbak\0.2.1\package\package.json written
18 silly publish { name: 'rbak',
18 silly publish   version: '0.2.1',
18 silly publish   description: 'backup your files, respecting .gitignore',
18 silly publish   main: 'build/index.js',
18 silly publish   bin: { rbak: 'build/index.js' },
18 silly publish   scripts: { test: 'grunt test' },
18 silly publish   repository: { type: 'git', url: 'https://github.com/ndxbxrme/rbak.git' },
18 silly publish   keywords: [ 'backup' ],
18 silly publish   author: { name: 'ndxbxrme' },
18 silly publish   license: 'MIT',
18 silly publish   bugs: { url: 'https://github.com/ndxbxrme/rbak/issues' },
18 silly publish   homepage: 'https://github.com/ndxbxrme/rbak',
18 silly publish   devDependencies:
18 silly publish    { coffeelint: '^1.10.1',
18 silly publish      grunt: '^0.4.5',
18 silly publish      'grunt-coffeelint': '0.0.13',
18 silly publish      'grunt-contrib-coffee': '^0.13.0',
18 silly publish      'grunt-contrib-watch': '^0.6.1',
18 silly publish      'grunt-file-append': '0.0.6',
18 silly publish      'load-grunt-tasks': '^3.2.0' },
18 silly publish   dependencies:
18 silly publish    { chalk: '^1.1.0',
18 silly publish      'date-format': '0.0.2',
18 silly publish      minimatch: '^2.0.10',
18 silly publish      minimist: '^1.1.3',
18 silly publish      mkdirp: '^0.5.1' },
18 silly publish   readme: '# rbak [![Build Status](https://travis-ci.org/ndxbxrme/rbak.svg?branch=master)](https://travis-ci.org/ndxbxrme/rbak)\r\n## backup your files, respecting .gitignores\r\n\r\nRbak is a cumulative, time-based backup thingy which respects .gitignores so you don\'t end up with `node_modules` folders all over the place.\r\n\r\nCan be used globally or reuired as a module\r\n\r\n## Installing\r\n*Stand alone*\r\n```sh\r\nnpm install -g rbak\r\n```\r\n*As a module*\r\n```sh\r\nnpm install --save rbak\r\n```\r\n\r\n## Usage\r\n*Stand alone*\r\n```sh\r\nrbak [command] [options]\r\n```\r\n*As a module*\r\n```js\r\nvar rbak = require(\'rbak\');\r\n\r\nrbak.[command]({\r\n  [options]\r\n});\r\n```\r\n\r\n## Commands\r\n`backup`  \r\n`list`  \r\n`restore`  \r\n\r\n## Options\r\n`--base` - Where your backup lives  \r\n`--dir` - Directory to backup or directory in backup to list/restore  \r\n`--ignore` - Comma seperated list of files/directories to ignore globally  \r\n`--recursive` - true/false, defaults to true  \r\n`--respect-gitignore` - true/false, defaults to true  \r\n\r\n## Examples\r\nBackup `DEV` dir into a folder called `backup` ignoring a bunch of files\r\n```sh\r\nrbak backup --dir=DEV --base=backup --ignore=node_modules,.git,bower_components,.svn,*.exe,*.bin,*.dat,*.log,*.0,*.bvh,*.ddp,\r\nUnreal*\r\n```\r\nList contents of a backed up folder\r\n```sh\r\nrbak list --base=D:/backup --dir=github/rbak\r\n```\r\nRestore files from a backed up folder\r\n```sh\r\nrbak restore --base=D:/backup --dir=github/rbak --out=D:/rbak\r\n```\r\n\r\n## Known issues\r\n* Gets upset about really big files, make sure you ignore them\r\n',
18 silly publish   readmeFilename: 'README.md',
18 silly publish   gitHead: 'f330c33a2434d43cb19e37ae3dc68e9250a77ec8',
18 silly publish   _id: 'rbak@0.2.1',
18 silly publish   _shasum: '515c4f6edacd3f18c24930c12ee80b09c7adfe48',
18 silly publish   _from: '.' }
19 silly mapToRegistry name rbak
20 silly mapToRegistry using default registry
21 silly mapToRegistry registry https://registry.npmjs.org/
22 silly mapToRegistry uri https://registry.npmjs.org/rbak
23 verbose publish registryBase https://registry.npmjs.org/
24 silly publish uploading C:\Users\lewis\AppData\Roaming\npm-cache\rbak\0.2.1\package.tgz
25 verbose request uri https://registry.npmjs.org/rbak
26 verbose request sending authorization for write operation
27 info attempt registry request try #1 at 10:12:26 AM
28 verbose request using bearer token for auth
29 verbose request id 3d8077932cc3d824
30 http request PUT https://registry.npmjs.org/rbak
31 http 403 https://registry.npmjs.org/rbak
32 verbose headers { 'content-type': 'application/json',
32 verbose headers   'cache-control': 'max-age=60',
32 verbose headers   'content-length': '95',
32 verbose headers   'accept-ranges': 'bytes',
32 verbose headers   date: 'Wed, 12 Aug 2015 09:12:14 GMT',
32 verbose headers   via: '1.1 varnish',
32 verbose headers   connection: 'keep-alive',
32 verbose headers   'x-served-by': 'cache-lhr6329-LHR',
32 verbose headers   'x-cache': 'MISS',
32 verbose headers   'x-cache-hits': '0',
32 verbose headers   'x-timer': 'S1439370733.931553,VS0,VE940' }
33 verbose request invalidating C:\Users\lewis\AppData\Roaming\npm-cache\registry.npmjs.org\rbak on PUT
34 error publish Failed PUT 403
35 verbose stack Error: "You cannot publish over the previously published version 0.2.1." : rbak
35 verbose stack     at CachingRegistryClient.<anonymous> (C:\Program Files (x86)\nodejs\node_modules\npm\node_modules\npm-registry-client\lib\request.js:247:14)
35 verbose stack     at Request._callback (C:\Program Files (x86)\nodejs\node_modules\npm\node_modules\npm-registry-client\lib\request.js:170:14)
35 verbose stack     at Request.self.callback (C:\Program Files (x86)\nodejs\node_modules\npm\node_modules\request\request.js:344:22)
35 verbose stack     at Request.emit (events.js:110:17)
35 verbose stack     at Request.<anonymous> (C:\Program Files (x86)\nodejs\node_modules\npm\node_modules\request\request.js:1239:14)
35 verbose stack     at Request.emit (events.js:129:20)
35 verbose stack     at IncomingMessage.<anonymous> (C:\Program Files (x86)\nodejs\node_modules\npm\node_modules\request\request.js:1187:12)
35 verbose stack     at IncomingMessage.emit (events.js:129:20)
35 verbose stack     at _stream_readable.js:908:16
35 verbose stack     at process._tickCallback (node.js:355:11)
36 verbose statusCode 403
37 verbose pkgid rbak
38 verbose cwd D:\DEV\github\rbak
39 error Windows_NT 6.1.7601
40 error argv "C:\\Program Files (x86)\\nodejs\\\\node.exe" "C:\\Program Files (x86)\\nodejs\\node_modules\\npm\\bin\\npm-cli.js" "publish"
41 error node v0.12.2
42 error npm  v2.7.4
43 error code E403
44 error "You cannot publish over the previously published version 0.2.1." : rbak
45 error If you need help, you may report this error at:
45 error     <https://github.com/npm/npm/issues>
46 verbose exit [ 1, true ]
